********************************************************************************
DUPLICATOR-LITE PACKAGE-LOG: November 4, 2024 4:53 pm
NOTICE: Do NOT post to public sites or forums 
********************************************************************************
VERSION:	1.5.11.1
WORDPRESS:	6.6.2
PHP INFO:	8.2.12 | SAPI: apache2handler
SERVER:		Apache/2.4.58 (Win64) OpenSSL/3.1.3 PHP/8.2.12 
PHP TIME LIMIT: (0) no time limit imposed 
PHP MAX MEMORY: 4294967296 (512M default) 
MEMORY STACK: 60MB
[CTRL DUP ARCIVE] PACKAGE AS NEW ID 7 SAVED | STATUS:0
[DUP ARCHIVE] BUILDING DATABASE

********************************************************************************
DATABASE:
********************************************************************************
BUILD MODE:   MYSQLDUMP
MYSQLTIMEOUT: 5000
MYSQLDUMP:    Is Supported
SQL CREATED: 20241101_d9bed8b1d988da98d987d8aad8b3d8_6cbc896b27e508d99922_20241104165251_database.sql
SQL FILE SIZE: 18.04MB (18913359)
SQL FILE TIME: 2024-11-04 16:53:30
SQL RUNTIME: 23.00 sec.
[DUP ARCHIVE] VALIDATING DATABASE
[DUP ARCHIVE] DONE DATABASE

********************************************************************************
ARCHIVE Type=DUP Mode=DupArchive
********************************************************************************
ARCHIVE DIR:  C:/xampp/htdocs/project
ARCHIVE FILE: 20241101_d9bed8b1d988da98d987d8aad8b3d8_6cbc896b27e508d99922_20241104165251_archive.daf
FILTERS: *OFF*
DIRS:
	not set
FILES:
	not set
EXTS:  not set
----------------------------------------
COMPRESSING
SIZE:	182.31MB
STATS:	Dirs 1,372 | Files 7,264 | Total 8,636
[DUP ARCHIVE] DONE ARCHIVE
building installer
[DUP ARCHIVE] DONE ARCHIVE
COMPRESSED SIZE: 83.32MB
ARCHIVE RUNTIME: 35.72 sec.
MEMORY STACK: 64MB
CREATE WARNINGS: No warnings.
VALIDATION WARNINGS: No warnings.
[DUP ARCHIVE] DONE ARCHIVE
[DUP ARCHIVE] HAS COMPLETED CLOSING
[DUP ARCHIVE] DUP ARCHIVE INTEGRITY CHECK

********************************************************************************
INTEGRITY CHECKS:
********************************************************************************
SQL FILE: 18.04MB
INSTALLER FILE: 94.83KB
ARCHIVE FILE: 83.32MB 
فایل / فایل مورد انتظار COUNT: 9,375
فایل ACTIVAL / فهرستها COUNT: 9,376

********************************************************************************
RECORD ID:[7]
TOTAL PROCESS RUNTIME: 35.73 sec.
PEAK PHP MEMORY USED: 64MB
DONE PROCESSING => 20241101_d9bed8b1d988da98d987d8aad8b3d8 2024-11-04 16:53:43

