********************************************************************************
DUPLICATOR-LITE PACKAGE-LOG: November 4, 2024 9:38 pm
NOTICE: Do NOT post to public sites or forums 
********************************************************************************
VERSION:	1.5.11.1
WORDPRESS:	6.6.2
PHP INFO:	8.2.12 | SAPI: apache2handler
SERVER:		Apache/2.4.58 (Win64) OpenSSL/3.1.3 PHP/8.2.12 
PHP TIME LIMIT: (0) no time limit imposed 
PHP MAX MEMORY: 4294967296 (512M default) 
MEMORY STACK: 58MB
[CTRL DUP ARCIVE] PACKAGE AS NEW ID 8 SAVED | STATUS:0
[DUP ARCHIVE] BUILDING DATABASE

********************************************************************************
DATABASE:
********************************************************************************
BUILD MODE:   MYSQLDUMP
MYSQLTIMEOUT: 5000
MYSQLDUMP:    Is Supported
SQL CREATED: 20241101_d9bed8b1d988da98d987d8aad8b3d8_929f55c3a246c1e85044_20241104213838_database.sql
SQL FILE SIZE: 21.82MB (22885046)
SQL FILE TIME: 2024-11-04 21:39:09
SQL RUNTIME: 22.11 sec.
[DUP ARCHIVE] VALIDATING DATABASE
[DUP ARCHIVE] DONE DATABASE

********************************************************************************
ARCHIVE Type=DUP Mode=DupArchive
********************************************************************************
ARCHIVE DIR:  C:/xampp/htdocs/project
ARCHIVE FILE: 20241101_d9bed8b1d988da98d987d8aad8b3d8_929f55c3a246c1e85044_20241104213838_archive.daf
FILTERS: *OFF*
DIRS:
	not set
FILES:
	not set
EXTS:  not set
----------------------------------------
COMPRESSING
SIZE:	183.09MB
STATS:	Dirs 1,372 | Files 7,278 | Total 8,650
[DUP ARCHIVE] DONE ARCHIVE
building installer
[DUP ARCHIVE] DONE ARCHIVE
COMPRESSED SIZE: 84.1MB
ARCHIVE RUNTIME: 34.50 sec.
MEMORY STACK: 64MB
CREATE WARNINGS: No warnings.
VALIDATION WARNINGS: No warnings.
[DUP ARCHIVE] DONE ARCHIVE
[DUP ARCHIVE] HAS COMPLETED CLOSING
[DUP ARCHIVE] DUP ARCHIVE INTEGRITY CHECK

********************************************************************************
INTEGRITY CHECKS:
********************************************************************************
SQL FILE: 21.82MB
INSTALLER FILE: 94.83KB
ARCHIVE FILE: 84.1MB 
فایل / فایل مورد انتظار COUNT: 9,389
فایل ACTIVAL / فهرستها COUNT: 9,390

********************************************************************************
RECORD ID:[8]
TOTAL PROCESS RUNTIME: 34.51 sec.
PEAK PHP MEMORY USED: 64MB
DONE PROCESSING => 20241101_d9bed8b1d988da98d987d8aad8b3d8 2024-11-04 21:39:21

