********************************************************************************
DUPLICATOR-LITE PACKAGE-LOG: November 1, 2024 11:36 pm
NOTICE: Do NOT post to public sites or forums 
********************************************************************************
VERSION:	1.5.11.1
WORDPRESS:	6.6.2
PHP INFO:	8.2.12 | SAPI: apache2handler
SERVER:		Apache/2.4.58 (Win64) OpenSSL/3.1.3 PHP/8.2.12 
PHP TIME LIMIT: (0) no time limit imposed 
PHP MAX MEMORY: 4294967296 (512M default) 
MEMORY STACK: 60MB
[CTRL DUP ARCIVE] PACKAGE AS NEW ID 1 SAVED | STATUS:0
[DUP ARCHIVE] BUILDING DATABASE

********************************************************************************
DATABASE:
********************************************************************************
BUILD MODE:   MYSQLDUMP
MYSQLTIMEOUT: 5000
MYSQLDUMP:    Is Supported
SQL CREATED: 20241101_d9bed8b1d988da98d987d8aad8b3d8_1165b5be4709cb947602_20241101233637_database.sql
SQL FILE SIZE: 2.54MB (2662904)
SQL FILE TIME: 2024-11-01 23:36:54
SQL RUNTIME: 8.04 sec.
[DUP ARCHIVE] VALIDATING DATABASE
[DUP ARCHIVE] DONE DATABASE

********************************************************************************
ARCHIVE Type=DUP Mode=DupArchive
********************************************************************************
ARCHIVE DIR:  C:/xampp/htdocs/project
ARCHIVE FILE: 20241101_d9bed8b1d988da98d987d8aad8b3d8_1165b5be4709cb947602_20241101233637_archive.daf
FILTERS: *OFF*
DIRS:
	not set
FILES:
	not set
EXTS:  not set
----------------------------------------
COMPRESSING
SIZE:	156.25MB
STATS:	Dirs 1,371 | Files 7,218 | Total 8,589
[DUP ARCHIVE] DONE ARCHIVE
building installer
[DUP ARCHIVE] DONE ARCHIVE
COMPRESSED SIZE: 55.52MB
ARCHIVE RUNTIME: 18.99 sec.
MEMORY STACK: 62MB
CREATE WARNINGS: No warnings.
VALIDATION WARNINGS: No warnings.
[DUP ARCHIVE] DONE ARCHIVE
[DUP ARCHIVE] HAS COMPLETED CLOSING
[DUP ARCHIVE] DUP ARCHIVE INTEGRITY CHECK

********************************************************************************
INTEGRITY CHECKS:
********************************************************************************
SQL FILE: 2.54MB
INSTALLER FILE: 94.83KB
ARCHIVE FILE: 55.52MB 
فایل / فایل مورد انتظار COUNT: 9,328
فایل ACTIVAL / فهرستها COUNT: 9,329

********************************************************************************
RECORD ID:[1]
TOTAL PROCESS RUNTIME: 19.00 sec.
PEAK PHP MEMORY USED: 62MB
DONE PROCESSING => 20241101_d9bed8b1d988da98d987d8aad8b3d8 2024-11-01 23:37:04

