********************************************************************************
DUPLICATOR-LITE PACKAGE-LOG: November 3, 2024 12:13 pm
NOTICE: Do NOT post to public sites or forums 
********************************************************************************
VERSION:	1.5.11.1
WORDPRESS:	6.6.2
PHP INFO:	8.2.12 | SAPI: apache2handler
SERVER:		Apache/2.4.58 (Win64) OpenSSL/3.1.3 PHP/8.2.12 
PHP TIME LIMIT: (0) no time limit imposed 
PHP MAX MEMORY: 4294967296 (512M default) 
MEMORY STACK: 62MB
[CTRL DUP ARCIVE] PACKAGE AS NEW ID 4 SAVED | STATUS:0
[DUP ARCHIVE] BUILDING DATABASE

********************************************************************************
DATABASE:
********************************************************************************
BUILD MODE:   MYSQLDUMP
MYSQLTIMEOUT: 5000
MYSQLDUMP:    Is Supported
SQL CREATED: 20241101_d9bed8b1d988da98d987d8aad8b3d8_89c26d4db7f7c7bd4208_20241103121325_database.sql
SQL FILE SIZE: 3.69MB (3871063)
SQL FILE TIME: 2024-11-03 12:13:43
SQL RUNTIME: 11.07 sec.
[DUP ARCHIVE] VALIDATING DATABASE
[DUP ARCHIVE] DONE DATABASE

********************************************************************************
ARCHIVE Type=DUP Mode=DupArchive
********************************************************************************
ARCHIVE DIR:  C:/xampp/htdocs/project
ARCHIVE FILE: 20241101_d9bed8b1d988da98d987d8aad8b3d8_89c26d4db7f7c7bd4208_20241103121325_archive.daf
FILTERS: *OFF*
DIRS:
	not set
FILES:
	not set
EXTS:  not set
----------------------------------------
COMPRESSING
SIZE:	182.12MB
STATS:	Dirs 1,372 | Files 7,243 | Total 8,615
[DUP ARCHIVE] DONE ARCHIVE
building installer
[DUP ARCHIVE] DONE ARCHIVE
COMPRESSED SIZE: 81.07MB
ARCHIVE RUNTIME: 21.52 sec.
MEMORY STACK: 64MB
CREATE WARNINGS: No warnings.
VALIDATION WARNINGS: No warnings.
[DUP ARCHIVE] DONE ARCHIVE
[DUP ARCHIVE] HAS COMPLETED CLOSING
[DUP ARCHIVE] DUP ARCHIVE INTEGRITY CHECK

********************************************************************************
INTEGRITY CHECKS:
********************************************************************************
SQL FILE: 3.69MB
INSTALLER FILE: 94.83KB
ARCHIVE FILE: 81.07MB 
فایل / فایل مورد انتظار COUNT: 9,354
فایل ACTIVAL / فهرستها COUNT: 9,355

********************************************************************************
RECORD ID:[4]
TOTAL PROCESS RUNTIME: 21.53 sec.
PEAK PHP MEMORY USED: 64MB
DONE PROCESSING => 20241101_d9bed8b1d988da98d987d8aad8b3d8 2024-11-03 12:13:53

