********************************************************************************
DUPLICATOR-LITE PACKAGE-LOG: November 2, 2024 9:23 pm
NOTICE: Do NOT post to public sites or forums 
********************************************************************************
VERSION:	1.5.11.1
WORDPRESS:	6.6.2
PHP INFO:	8.2.12 | SAPI: apache2handler
SERVER:		Apache/2.4.58 (Win64) OpenSSL/3.1.3 PHP/8.2.12 
PHP TIME LIMIT: (0) no time limit imposed 
PHP MAX MEMORY: 4294967296 (512M default) 
MEMORY STACK: 60MB
[CTRL DUP ARCIVE] PACKAGE AS NEW ID 3 SAVED | STATUS:0
[DUP ARCHIVE] BUILDING DATABASE

********************************************************************************
DATABASE:
********************************************************************************
BUILD MODE:   MYSQLDUMP
MYSQLTIMEOUT: 5000
MYSQLDUMP:    Is Supported
SQL CREATED: 20241101_d9bed8b1d988da98d987d8aad8b3d8_f066cf08390d971f9310_20241102212346_database.sql
SQL FILE SIZE: 2.06MB (2161928)
SQL FILE TIME: 2024-11-02 21:24:14
SQL RUNTIME: 14.99 sec.
[DUP ARCHIVE] VALIDATING DATABASE
[DUP ARCHIVE] DONE DATABASE

********************************************************************************
ARCHIVE Type=DUP Mode=DupArchive
********************************************************************************
ARCHIVE DIR:  C:/xampp/htdocs/project
ARCHIVE FILE: 20241101_d9bed8b1d988da98d987d8aad8b3d8_f066cf08390d971f9310_20241102212346_archive.daf
FILTERS: *OFF*
DIRS:
	not set
FILES:
	not set
EXTS:  not set
----------------------------------------
COMPRESSING
SIZE:	181.42MB
STATS:	Dirs 1,372 | Files 7,232 | Total 8,604
[DUP ARCHIVE] DONE ARCHIVE
[DUP ARCHIVE] DONE ARCHIVE
building installer
[DUP ARCHIVE] DONE ARCHIVE
COMPRESSED SIZE: 80.17MB
ARCHIVE RUNTIME: 38.11 sec.
MEMORY STACK: 64MB
CREATE WARNINGS: No warnings.
VALIDATION WARNINGS: No warnings.
[DUP ARCHIVE] DONE ARCHIVE
[DUP ARCHIVE] HAS COMPLETED CLOSING
[DUP ARCHIVE] DUP ARCHIVE INTEGRITY CHECK

********************************************************************************
INTEGRITY CHECKS:
********************************************************************************
SQL FILE: 2.06MB
INSTALLER FILE: 94.83KB
ARCHIVE FILE: 80.17MB 
فایل / فایل مورد انتظار COUNT: 9,343
فایل ACTIVAL / فهرستها COUNT: 9,344

********************************************************************************
RECORD ID:[3]
TOTAL PROCESS RUNTIME: 38.14 sec.
PEAK PHP MEMORY USED: 64MB
DONE PROCESSING => 20241101_d9bed8b1d988da98d987d8aad8b3d8 2024-11-02 21:24:37

